Arguments: 
  /home/albondad/.nvm/versions/node/v14.18.1/bin/node /usr/local/bin/yarn add babel-plugin-styled-components

PATH: 
  /home/albondad/.vscode-server/bin/c13f1abb110fc756f9b3a6f16670df9cd9d4cf63/bin:/home/albondad/.nvm/versions/node/v14.18.1/bin:/usr/local/sbin:/usr/local/bin:/usr/sbin:/usr/bin:/sbin:/bin:/usr/games:/usr/local/games:/mnt/c/Windows/system32:/mnt/c/Windows:/mnt/c/Windows/System32/Wbem:/mnt/c/Windows/System32/WindowsPowerShell/v1.0/:/mnt/c/Windows/System32/OpenSSH/:/mnt/c/Program Files (x86)/NVIDIA Corporation/PhysX/Common:/mnt/c/Program Files/NVIDIA Corporation/NVIDIA NvDLISR:/mnt/c/Program Files/Docker/Docker/resources/bin:/mnt/c/ProgramData/DockerDesktop/version-bin:/mnt/c/Program Files/PuTTY/:/mnt/c/Program Files/nodejs/:/mnt/c/Program Files/Git/cmd:/mnt/c/Users/albon/AppData/Local/Microsoft/WindowsApps:/mnt/c/Users/albon/AppData/Local/Programs/Microsoft VS Code/bin:/mnt/c/Users/albon/AppData/Roaming/npm:/snap/bin

Yarn version: 
  1.22.10

Node version: 
  14.18.1

Platform: 
  linux x64

Trace: 
  Error: EACCES: permission denied, unlink '/home/albondad/organizations/albondad/portfolio/node_modules/.yarn-integrity'

npm manifest: 
  {
    "name": "portfolio",
    "version": "1.0.0",
    "main": "index.js",
    "license": "MIT",
    "scripts": {
      "dev": "docker-compose up"
    }
  }

yarn manifest: 
  No manifest

Lockfile: 
  # THIS IS AN AUTOGENERATED FILE. DO NOT EDIT THIS FILE DIRECTLY.
  # yarn lockfile v1
